11-Jan-2024 20:43:23.706 INFORMACIÓN [main] org.apache.catalina.core.ApplicationContext.log 3 Spring WebApplicationInitializers detected on classpath
11-Jan-2024 20:43:25.838 INFORMACIÓN [main] org.apache.catalina.core.ApplicationContext.log Initializing Spring embedded WebApplicationContext
11-Jan-2024 20:43:28.765 INFORMACIÓN [http-nio-8080-exec-3] org.apache.catalina.core.ApplicationContext.log Initializing Spring DispatcherServlet 'dispatcherServlet'
11-Jan-2024 20:48:21.489 INFORMACIÓN [Thread-3] org.apache.catalina.core.ApplicationContext.log Destroying Spring FrameworkServlet 'dispatcherServlet'
11-Jan-2024 20:48:21.490 INFORMACIÓN [Thread-3] org.apache.catalina.core.ApplicationContext.log Closing Spring root WebApplicationContext
11-Jan-2024 20:48:46.827 INFORMACIÓN [main] org.apache.catalina.core.ApplicationContext.log 3 Spring WebApplicationInitializers detected on classpath
11-Jan-2024 20:48:49.052 INFORMACIÓN [main] org.apache.catalina.core.ApplicationContext.log Initializing Spring embedded WebApplicationContext
11-Jan-2024 20:48:51.590 INFORMACIÓN [http-nio-8080-exec-2] org.apache.catalina.core.ApplicationContext.log Initializing Spring DispatcherServlet 'dispatcherServlet'
11-Jan-2024 20:51:13.303 INFORMACIÓN [Thread-3] org.apache.catalina.core.ApplicationContext.log Destroying Spring FrameworkServlet 'dispatcherServlet'
11-Jan-2024 20:51:13.304 INFORMACIÓN [Thread-3] org.apache.catalina.core.ApplicationContext.log Closing Spring root WebApplicationContext
11-Jan-2024 20:51:19.456 INFORMACIÓN [main] org.apache.catalina.core.ApplicationContext.log 3 Spring WebApplicationInitializers detected on classpath
11-Jan-2024 20:51:21.576 INFORMACIÓN [main] org.apache.catalina.core.ApplicationContext.log Initializing Spring embedded WebApplicationContext
11-Jan-2024 20:51:24.358 INFORMACIÓN [http-nio-8080-exec-2] org.apache.catalina.core.ApplicationContext.log Initializing Spring DispatcherServlet 'dispatcherServlet'
11-Jan-2024 20:52:30.750 INFORMACIÓN [Thread-3] org.apache.catalina.core.ApplicationContext.log Destroying Spring FrameworkServlet 'dispatcherServlet'
11-Jan-2024 20:52:30.752 INFORMACIÓN [Thread-3] org.apache.catalina.core.ApplicationContext.log Closing Spring root WebApplicationContext
11-Jan-2024 20:53:43.055 INFORMACIÓN [main] org.apache.catalina.core.ApplicationContext.log 3 Spring WebApplicationInitializers detected on classpath
11-Jan-2024 20:53:45.297 INFORMACIÓN [main] org.apache.catalina.core.ApplicationContext.log Initializing Spring embedded WebApplicationContext
11-Jan-2024 20:53:48.258 INFORMACIÓN [http-nio-8080-exec-2] org.apache.catalina.core.ApplicationContext.log Initializing Spring DispatcherServlet 'dispatcherServlet'
11-Jan-2024 20:55:14.598 INFORMACIÓN [Thread-3] org.apache.catalina.core.ApplicationContext.log Destroying Spring FrameworkServlet 'dispatcherServlet'
11-Jan-2024 20:55:14.598 INFORMACIÓN [Thread-3] org.apache.catalina.core.ApplicationContext.log Closing Spring root WebApplicationContext
11-Jan-2024 20:56:01.448 INFORMACIÓN [main] org.apache.catalina.core.ApplicationContext.log 3 Spring WebApplicationInitializers detected on classpath
11-Jan-2024 20:56:03.468 INFORMACIÓN [main] org.apache.catalina.core.ApplicationContext.log Initializing Spring embedded WebApplicationContext
11-Jan-2024 20:56:08.882 INFORMACIÓN [http-nio-8080-exec-2] org.apache.catalina.core.ApplicationContext.log Initializing Spring DispatcherServlet 'dispatcherServlet'
11-Jan-2024 21:01:23.539 INFORMACIÓN [Thread-3] org.apache.catalina.core.ApplicationContext.log Destroying Spring FrameworkServlet 'dispatcherServlet'
11-Jan-2024 21:01:23.540 INFORMACIÓN [Thread-3] org.apache.catalina.core.ApplicationContext.log Closing Spring root WebApplicationContext
11-Jan-2024 21:01:29.350 INFORMACIÓN [main] org.apache.catalina.core.ApplicationContext.log 3 Spring WebApplicationInitializers detected on classpath
11-Jan-2024 21:01:31.465 INFORMACIÓN [main] org.apache.catalina.core.ApplicationContext.log Initializing Spring embedded WebApplicationContext
11-Jan-2024 21:01:34.615 INFORMACIÓN [http-nio-8080-exec-1] org.apache.catalina.core.ApplicationContext.log Initializing Spring DispatcherServlet 'dispatcherServlet'
11-Jan-2024 21:04:50.843 INFORMACIÓN [Thread-3] org.apache.catalina.core.ApplicationContext.log Destroying Spring FrameworkServlet 'dispatcherServlet'
11-Jan-2024 21:04:50.846 INFORMACIÓN [Thread-3] org.apache.catalina.core.ApplicationContext.log Closing Spring root WebApplicationContext
11-Jan-2024 21:04:55.272 INFORMACIÓN [main] org.apache.catalina.core.ApplicationContext.log 3 Spring WebApplicationInitializers detected on classpath
11-Jan-2024 21:04:57.333 INFORMACIÓN [main] org.apache.catalina.core.ApplicationContext.log Initializing Spring embedded WebApplicationContext
11-Jan-2024 21:05:00.603 INFORMACIÓN [http-nio-8080-exec-3] org.apache.catalina.core.ApplicationContext.log Initializing Spring DispatcherServlet 'dispatcherServlet'
11-Jan-2024 21:06:25.137 INFORMACIÓN [Thread-3] org.apache.catalina.core.ApplicationContext.log Destroying Spring FrameworkServlet 'dispatcherServlet'
11-Jan-2024 21:06:25.138 INFORMACIÓN [Thread-3] org.apache.catalina.core.ApplicationContext.log Closing Spring root WebApplicationContext
11-Jan-2024 21:06:32.343 INFORMACIÓN [main] org.apache.catalina.core.ApplicationContext.log 3 Spring WebApplicationInitializers detected on classpath
11-Jan-2024 21:06:34.546 INFORMACIÓN [main] org.apache.catalina.core.ApplicationContext.log Initializing Spring embedded WebApplicationContext
11-Jan-2024 21:06:57.561 INFORMACIÓN [http-nio-8080-exec-2] org.apache.catalina.core.ApplicationContext.log Initializing Spring DispatcherServlet 'dispatcherServlet'
11-Jan-2024 21:07:21.535 INFORMACIÓN [Thread-3] org.apache.catalina.core.ApplicationContext.log Destroying Spring FrameworkServlet 'dispatcherServlet'
11-Jan-2024 21:07:21.535 INFORMACIÓN [Thread-3] org.apache.catalina.core.ApplicationContext.log Closing Spring root WebApplicationContext
11-Jan-2024 21:07:31.119 INFORMACIÓN [main] org.apache.catalina.core.ApplicationContext.log 3 Spring WebApplicationInitializers detected on classpath
11-Jan-2024 21:07:33.153 INFORMACIÓN [main] org.apache.catalina.core.ApplicationContext.log Initializing Spring embedded WebApplicationContext
11-Jan-2024 21:07:50.057 INFORMACIÓN [http-nio-8080-exec-3] org.apache.catalina.core.ApplicationContext.log Initializing Spring DispatcherServlet 'dispatcherServlet'
11-Jan-2024 21:10:32.875 INFORMACIÓN [Thread-3] org.apache.catalina.core.ApplicationContext.log Destroying Spring FrameworkServlet 'dispatcherServlet'
11-Jan-2024 21:10:32.876 INFORMACIÓN [Thread-3] org.apache.catalina.core.ApplicationContext.log Closing Spring root WebApplicationContext
11-Jan-2024 21:13:02.026 INFORMACIÓN [main] org.apache.catalina.core.ApplicationContext.log 3 Spring WebApplicationInitializers detected on classpath
11-Jan-2024 21:13:03.976 INFORMACIÓN [main] org.apache.catalina.core.ApplicationContext.log Initializing Spring embedded WebApplicationContext
11-Jan-2024 21:13:06.153 INFORMACIÓN [http-nio-8080-exec-2] org.apache.catalina.core.ApplicationContext.log Initializing Spring DispatcherServlet 'dispatcherServlet'
11-Jan-2024 21:13:39.808 INFORMACIÓN [Thread-3] org.apache.catalina.core.ApplicationContext.log Destroying Spring FrameworkServlet 'dispatcherServlet'
11-Jan-2024 21:13:39.809 INFORMACIÓN [Thread-3] org.apache.catalina.core.ApplicationContext.log Closing Spring root WebApplicationContext
11-Jan-2024 21:14:34.175 INFORMACIÓN [main] org.apache.catalina.core.ApplicationContext.log 3 Spring WebApplicationInitializers detected on classpath
11-Jan-2024 21:14:35.975 INFORMACIÓN [main] org.apache.catalina.core.ApplicationContext.log Initializing Spring embedded WebApplicationContext
11-Jan-2024 21:14:39.896 INFORMACIÓN [http-nio-8080-exec-2] org.apache.catalina.core.ApplicationContext.log Initializing Spring DispatcherServlet 'dispatcherServlet'
11-Jan-2024 21:18:12.622 INFORMACIÓN [Thread-3] org.apache.catalina.core.ApplicationContext.log Destroying Spring FrameworkServlet 'dispatcherServlet'
11-Jan-2024 21:18:12.623 INFORMACIÓN [Thread-3] org.apache.catalina.core.ApplicationContext.log Closing Spring root WebApplicationContext
11-Jan-2024 21:18:18.142 INFORMACIÓN [main] org.apache.catalina.core.ApplicationContext.log 3 Spring WebApplicationInitializers detected on classpath
11-Jan-2024 21:18:20.058 INFORMACIÓN [main] org.apache.catalina.core.ApplicationContext.log Initializing Spring embedded WebApplicationContext
11-Jan-2024 21:18:22.154 INFORMACIÓN [http-nio-8080-exec-2] org.apache.catalina.core.ApplicationContext.log Initializing Spring DispatcherServlet 'dispatcherServlet'
11-Jan-2024 21:19:18.125 INFORMACIÓN [Thread-3] org.apache.catalina.core.ApplicationContext.log Destroying Spring FrameworkServlet 'dispatcherServlet'
11-Jan-2024 21:19:18.126 INFORMACIÓN [Thread-3] org.apache.catalina.core.ApplicationContext.log Closing Spring root WebApplicationContext
11-Jan-2024 21:19:25.721 INFORMACIÓN [main] org.apache.catalina.core.ApplicationContext.log 3 Spring WebApplicationInitializers detected on classpath
11-Jan-2024 21:19:27.621 INFORMACIÓN [main] org.apache.catalina.core.ApplicationContext.log Initializing Spring embedded WebApplicationContext
11-Jan-2024 21:19:40.290 INFORMACIÓN [http-nio-8080-exec-5] org.apache.catalina.core.ApplicationContext.log Initializing Spring DispatcherServlet 'dispatcherServlet'
11-Jan-2024 21:20:47.311 INFORMACIÓN [Thread-3] org.apache.catalina.core.ApplicationContext.log Destroying Spring FrameworkServlet 'dispatcherServlet'
11-Jan-2024 21:20:47.312 INFORMACIÓN [Thread-3] org.apache.catalina.core.ApplicationContext.log Closing Spring root WebApplicationContext
11-Jan-2024 21:20:53.009 INFORMACIÓN [main] org.apache.catalina.core.ApplicationContext.log 3 Spring WebApplicationInitializers detected on classpath
11-Jan-2024 21:20:54.981 INFORMACIÓN [main] org.apache.catalina.core.ApplicationContext.log Initializing Spring embedded WebApplicationContext
11-Jan-2024 21:21:45.160 INFORMACIÓN [http-nio-8080-exec-3] org.apache.catalina.core.ApplicationContext.log Initializing Spring DispatcherServlet 'dispatcherServlet'
11-Jan-2024 21:23:26.881 INFORMACIÓN [Thread-3] org.apache.catalina.core.ApplicationContext.log Destroying Spring FrameworkServlet 'dispatcherServlet'
11-Jan-2024 21:23:26.882 INFORMACIÓN [Thread-3] org.apache.catalina.core.ApplicationContext.log Closing Spring root WebApplicationContext
11-Jan-2024 21:23:32.379 INFORMACIÓN [main] org.apache.catalina.core.ApplicationContext.log 3 Spring WebApplicationInitializers detected on classpath
11-Jan-2024 21:23:34.489 INFORMACIÓN [main] org.apache.catalina.core.ApplicationContext.log Initializing Spring embedded WebApplicationContext
11-Jan-2024 21:23:41.663 INFORMACIÓN [http-nio-8080-exec-7] org.apache.catalina.core.ApplicationContext.log Initializing Spring DispatcherServlet 'dispatcherServlet'
11-Jan-2024 21:25:11.886 INFORMACIÓN [Thread-3] org.apache.catalina.core.ApplicationContext.log Destroying Spring FrameworkServlet 'dispatcherServlet'
11-Jan-2024 21:25:11.887 INFORMACIÓN [Thread-3] org.apache.catalina.core.ApplicationContext.log Closing Spring root WebApplicationContext
11-Jan-2024 21:25:18.649 INFORMACIÓN [main] org.apache.catalina.core.ApplicationContext.log 3 Spring WebApplicationInitializers detected on classpath
11-Jan-2024 21:25:21.142 INFORMACIÓN [main] org.apache.catalina.core.ApplicationContext.log Initializing Spring embedded WebApplicationContext
11-Jan-2024 21:25:26.108 INFORMACIÓN [http-nio-8080-exec-3] org.apache.catalina.core.ApplicationContext.log Initializing Spring DispatcherServlet 'dispatcherServlet'
11-Jan-2024 21:27:28.456 INFORMACIÓN [Thread-3] org.apache.catalina.core.ApplicationContext.log Destroying Spring FrameworkServlet 'dispatcherServlet'
11-Jan-2024 21:27:28.457 INFORMACIÓN [Thread-3] org.apache.catalina.core.ApplicationContext.log Closing Spring root WebApplicationContext
11-Jan-2024 21:27:35.212 INFORMACIÓN [main] org.apache.catalina.core.ApplicationContext.log 3 Spring WebApplicationInitializers detected on classpath
11-Jan-2024 21:27:37.217 INFORMACIÓN [main] org.apache.catalina.core.ApplicationContext.log Initializing Spring embedded WebApplicationContext
11-Jan-2024 21:27:39.934 INFORMACIÓN [http-nio-8080-exec-2] org.apache.catalina.core.ApplicationContext.log Initializing Spring DispatcherServlet 'dispatcherServlet'
11-Jan-2024 21:28:33.629 INFORMACIÓN [Thread-3] org.apache.catalina.core.ApplicationContext.log Destroying Spring FrameworkServlet 'dispatcherServlet'
11-Jan-2024 21:28:33.630 INFORMACIÓN [Thread-3] org.apache.catalina.core.ApplicationContext.log Closing Spring root WebApplicationContext
11-Jan-2024 21:28:40.071 INFORMACIÓN [main] org.apache.catalina.core.ApplicationContext.log 3 Spring WebApplicationInitializers detected on classpath
11-Jan-2024 21:28:42.419 INFORMACIÓN [main] org.apache.catalina.core.ApplicationContext.log Initializing Spring embedded WebApplicationContext
11-Jan-2024 21:28:44.887 INFORMACIÓN [http-nio-8080-exec-2] org.apache.catalina.core.ApplicationContext.log Initializing Spring DispatcherServlet 'dispatcherServlet'
11-Jan-2024 21:29:09.081 INFORMACIÓN [Thread-3] org.apache.catalina.core.ApplicationContext.log Destroying Spring FrameworkServlet 'dispatcherServlet'
11-Jan-2024 21:29:09.082 INFORMACIÓN [Thread-3] org.apache.catalina.core.ApplicationContext.log Closing Spring root WebApplicationContext
11-Jan-2024 21:29:57.856 INFORMACIÓN [main] org.apache.catalina.core.ApplicationContext.log 3 Spring WebApplicationInitializers detected on classpath
11-Jan-2024 21:29:59.967 INFORMACIÓN [main] org.apache.catalina.core.ApplicationContext.log Initializing Spring embedded WebApplicationContext
11-Jan-2024 21:30:07.432 INFORMACIÓN [http-nio-8080-exec-2] org.apache.catalina.core.ApplicationContext.log Initializing Spring DispatcherServlet 'dispatcherServlet'
11-Jan-2024 21:33:14.331 INFORMACIÓN [Thread-3] org.apache.catalina.core.ApplicationContext.log Destroying Spring FrameworkServlet 'dispatcherServlet'
11-Jan-2024 21:33:14.332 INFORMACIÓN [Thread-3] org.apache.catalina.core.ApplicationContext.log Closing Spring root WebApplicationContext
11-Jan-2024 21:33:24.442 INFORMACIÓN [main] org.apache.catalina.core.ApplicationContext.log 3 Spring WebApplicationInitializers detected on classpath
11-Jan-2024 21:33:26.457 INFORMACIÓN [main] org.apache.catalina.core.ApplicationContext.log Initializing Spring embedded WebApplicationContext
11-Jan-2024 21:33:30.449 INFORMACIÓN [http-nio-8080-exec-2] org.apache.catalina.core.ApplicationContext.log Initializing Spring DispatcherServlet 'dispatcherServlet'
11-Jan-2024 21:41:53.463 INFORMACIÓN [Thread-3] org.apache.catalina.core.ApplicationContext.log Destroying Spring FrameworkServlet 'dispatcherServlet'
11-Jan-2024 21:41:53.464 INFORMACIÓN [Thread-3] org.apache.catalina.core.ApplicationContext.log Closing Spring root WebApplicationContext
11-Jan-2024 21:52:01.232 INFORMACIÓN [main] org.apache.catalina.core.ApplicationContext.log 3 Spring WebApplicationInitializers detected on classpath
11-Jan-2024 21:52:03.190 INFORMACIÓN [main] org.apache.catalina.core.ApplicationContext.log Initializing Spring embedded WebApplicationContext
11-Jan-2024 21:52:07.809 INFORMACIÓN [http-nio-8080-exec-2] org.apache.catalina.core.ApplicationContext.log Initializing Spring DispatcherServlet 'dispatcherServlet'
11-Jan-2024 21:53:47.199 INFORMACIÓN [Thread-3] org.apache.catalina.core.ApplicationContext.log Destroying Spring FrameworkServlet 'dispatcherServlet'
11-Jan-2024 21:53:47.201 INFORMACIÓN [Thread-3] org.apache.catalina.core.ApplicationContext.log Closing Spring root WebApplicationContext
11-Jan-2024 21:53:54.593 INFORMACIÓN [main] org.apache.catalina.core.ApplicationContext.log 3 Spring WebApplicationInitializers detected on classpath
11-Jan-2024 21:53:56.766 INFORMACIÓN [main] org.apache.catalina.core.ApplicationContext.log Initializing Spring embedded WebApplicationContext
11-Jan-2024 21:54:03.629 INFORMACIÓN [http-nio-8080-exec-3] org.apache.catalina.core.ApplicationContext.log Initializing Spring DispatcherServlet 'dispatcherServlet'
11-Jan-2024 21:56:07.241 INFORMACIÓN [Thread-3] org.apache.catalina.core.ApplicationContext.log Destroying Spring FrameworkServlet 'dispatcherServlet'
11-Jan-2024 21:56:07.242 INFORMACIÓN [Thread-3] org.apache.catalina.core.ApplicationContext.log Closing Spring root WebApplicationContext
11-Jan-2024 21:56:13.151 INFORMACIÓN [main] org.apache.catalina.core.ApplicationContext.log 3 Spring WebApplicationInitializers detected on classpath
11-Jan-2024 21:56:15.814 INFORMACIÓN [main] org.apache.catalina.core.ApplicationContext.log Initializing Spring embedded WebApplicationContext
11-Jan-2024 21:56:23.192 INFORMACIÓN [http-nio-8080-exec-4] org.apache.catalina.core.ApplicationContext.log Initializing Spring DispatcherServlet 'dispatcherServlet'
11-Jan-2024 21:59:17.427 INFORMACIÓN [Thread-3] org.apache.catalina.core.ApplicationContext.log Destroying Spring FrameworkServlet 'dispatcherServlet'
11-Jan-2024 21:59:17.428 INFORMACIÓN [Thread-3] org.apache.catalina.core.ApplicationContext.log Closing Spring root WebApplicationContext
11-Jan-2024 21:59:31.420 INFORMACIÓN [main] org.apache.catalina.core.ApplicationContext.log 3 Spring WebApplicationInitializers detected on classpath
11-Jan-2024 21:59:33.648 INFORMACIÓN [main] org.apache.catalina.core.ApplicationContext.log Initializing Spring embedded WebApplicationContext
11-Jan-2024 21:59:44.890 INFORMACIÓN [http-nio-8080-exec-3] org.apache.catalina.core.ApplicationContext.log Initializing Spring DispatcherServlet 'dispatcherServlet'
11-Jan-2024 22:04:55.046 INFORMACIÓN [Thread-3] org.apache.catalina.core.ApplicationContext.log Destroying Spring FrameworkServlet 'dispatcherServlet'
11-Jan-2024 22:04:55.047 INFORMACIÓN [Thread-3] org.apache.catalina.core.ApplicationContext.log Closing Spring root WebApplicationContext
11-Jan-2024 22:05:53.210 INFORMACIÓN [main] org.apache.catalina.core.ApplicationContext.log 3 Spring WebApplicationInitializers detected on classpath
11-Jan-2024 22:05:55.200 INFORMACIÓN [main] org.apache.catalina.core.ApplicationContext.log Initializing Spring embedded WebApplicationContext
11-Jan-2024 22:05:58.456 INFORMACIÓN [http-nio-8080-exec-2] org.apache.catalina.core.ApplicationContext.log Initializing Spring DispatcherServlet 'dispatcherServlet'
11-Jan-2024 22:09:04.912 INFORMACIÓN [Thread-3] org.apache.catalina.core.ApplicationContext.log Destroying Spring FrameworkServlet 'dispatcherServlet'
11-Jan-2024 22:09:04.914 INFORMACIÓN [Thread-3] org.apache.catalina.core.ApplicationContext.log Closing Spring root WebApplicationContext
11-Jan-2024 22:09:11.713 INFORMACIÓN [main] org.apache.catalina.core.ApplicationContext.log 3 Spring WebApplicationInitializers detected on classpath
11-Jan-2024 22:09:13.814 INFORMACIÓN [main] org.apache.catalina.core.ApplicationContext.log Initializing Spring embedded WebApplicationContext
11-Jan-2024 22:09:46.848 INFORMACIÓN [http-nio-8080-exec-1] org.apache.catalina.core.ApplicationContext.log Initializing Spring DispatcherServlet 'dispatcherServlet'
11-Jan-2024 22:11:22.466 INFORMACIÓN [Thread-3] org.apache.catalina.core.ApplicationContext.log Destroying Spring FrameworkServlet 'dispatcherServlet'
11-Jan-2024 22:11:22.469 INFORMACIÓN [Thread-3] org.apache.catalina.core.ApplicationContext.log Closing Spring root WebApplicationContext
11-Jan-2024 22:11:28.210 INFORMACIÓN [main] org.apache.catalina.core.ApplicationContext.log 3 Spring WebApplicationInitializers detected on classpath
11-Jan-2024 22:11:30.836 INFORMACIÓN [main] org.apache.catalina.core.ApplicationContext.log Initializing Spring embedded WebApplicationContext
11-Jan-2024 22:11:33.706 INFORMACIÓN [http-nio-8080-exec-2] org.apache.catalina.core.ApplicationContext.log Initializing Spring DispatcherServlet 'dispatcherServlet'
11-Jan-2024 22:12:04.936 INFORMACIÓN [Thread-3] org.apache.catalina.core.ApplicationContext.log Destroying Spring FrameworkServlet 'dispatcherServlet'
11-Jan-2024 22:12:04.937 INFORMACIÓN [Thread-3] org.apache.catalina.core.ApplicationContext.log Closing Spring root WebApplicationContext
11-Jan-2024 22:14:45.745 INFORMACIÓN [main] org.apache.catalina.core.ApplicationContext.log 3 Spring WebApplicationInitializers detected on classpath
11-Jan-2024 22:14:48.115 INFORMACIÓN [main] org.apache.catalina.core.ApplicationContext.log Initializing Spring embedded WebApplicationContext
11-Jan-2024 22:14:50.402 INFORMACIÓN [http-nio-8080-exec-1] org.apache.catalina.core.ApplicationContext.log Initializing Spring DispatcherServlet 'dispatcherServlet'
11-Jan-2024 22:19:19.397 INFORMACIÓN [Thread-3] org.apache.catalina.core.ApplicationContext.log Destroying Spring FrameworkServlet 'dispatcherServlet'
11-Jan-2024 22:19:19.398 INFORMACIÓN [Thread-3] org.apache.catalina.core.ApplicationContext.log Closing Spring root WebApplicationContext
11-Jan-2024 22:22:42.358 INFORMACIÓN [main] org.apache.catalina.core.ApplicationContext.log 3 Spring WebApplicationInitializers detected on classpath
11-Jan-2024 22:22:44.319 INFORMACIÓN [main] org.apache.catalina.core.ApplicationContext.log Initializing Spring embedded WebApplicationContext
11-Jan-2024 22:22:51.577 INFORMACIÓN [http-nio-8080-exec-2] org.apache.catalina.core.ApplicationContext.log Initializing Spring DispatcherServlet 'dispatcherServlet'
11-Jan-2024 22:24:08.701 INFORMACIÓN [Thread-3] org.apache.catalina.core.ApplicationContext.log Destroying Spring FrameworkServlet 'dispatcherServlet'
11-Jan-2024 22:24:08.701 INFORMACIÓN [Thread-3] org.apache.catalina.core.ApplicationContext.log Closing Spring root WebApplicationContext
11-Jan-2024 22:24:14.954 INFORMACIÓN [main] org.apache.catalina.core.ApplicationContext.log 3 Spring WebApplicationInitializers detected on classpath
11-Jan-2024 22:24:16.885 INFORMACIÓN [main] org.apache.catalina.core.ApplicationContext.log Initializing Spring embedded WebApplicationContext
11-Jan-2024 22:30:03.821 INFORMACIÓN [Thread-3] org.apache.catalina.core.ApplicationContext.log Closing Spring root WebApplicationContext
11-Jan-2024 22:30:08.410 INFORMACIÓN [main] org.apache.catalina.core.ApplicationContext.log 3 Spring WebApplicationInitializers detected on classpath
11-Jan-2024 22:30:10.334 INFORMACIÓN [main] org.apache.catalina.core.ApplicationContext.log Initializing Spring embedded WebApplicationContext
11-Jan-2024 22:32:06.979 INFORMACIÓN [Thread-3] org.apache.catalina.core.ApplicationContext.log Closing Spring root WebApplicationContext
11-Jan-2024 23:02:11.688 INFORMACIÓN [main] org.apache.catalina.core.ApplicationContext.log 3 Spring WebApplicationInitializers detected on classpath
11-Jan-2024 23:02:13.507 INFORMACIÓN [main] org.apache.catalina.core.ApplicationContext.log Initializing Spring embedded WebApplicationContext
11-Jan-2024 23:02:22.495 INFORMACIÓN [http-nio-8080-exec-2] org.apache.catalina.core.ApplicationContext.log Initializing Spring DispatcherServlet 'dispatcherServlet'
11-Jan-2024 23:03:18.660 INFORMACIÓN [Thread-3] org.apache.catalina.core.ApplicationContext.log Destroying Spring FrameworkServlet 'dispatcherServlet'
11-Jan-2024 23:03:18.661 INFORMACIÓN [Thread-3] org.apache.catalina.core.ApplicationContext.log Closing Spring root WebApplicationContext
